<?xml version="1.0" encoding="UTF-8"?>
<testsuite xmlns:xsi="http://www.w3.org/2001/XMLSchema-instance" xsi:noNamespaceSchemaLocation="https://maven.apache.org/surefire/maven-surefire-plugin/xsd/surefire-test-report-3.0.xsd" version="3.0" name="TestClass" time="0.316" tests="16" errors="0" skipped="0" failures="0">
  <properties>
    <property name="java.specification.version" value="17"/>
    <property name="sun.jnu.encoding" value="UTF-8"/>
    <property name="java.class.path" value="/mnt/c/users/eitan/desktop/ComputerScience/Submissions/Eitan_Leitner_800690965/DataStructures/project/stage2/target/test-classes:/mnt/c/users/eitan/desktop/ComputerScience/Submissions/Eitan_Leitner_800690965/DataStructures/project/stage2/target/classes:/home/eitan/.m2/repository/org/junit/jupiter/junit-jupiter/5.8.1/junit-jupiter-5.8.1.jar:/home/eitan/.m2/repository/org/junit/jupiter/junit-jupiter-api/5.8.1/junit-jupiter-api-5.8.1.jar:/home/eitan/.m2/repository/org/opentest4j/opentest4j/1.2.0/opentest4j-1.2.0.jar:/home/eitan/.m2/repository/org/junit/platform/junit-platform-commons/1.8.1/junit-platform-commons-1.8.1.jar:/home/eitan/.m2/repository/org/apiguardian/apiguardian-api/1.1.2/apiguardian-api-1.1.2.jar:/home/eitan/.m2/repository/org/junit/jupiter/junit-jupiter-params/5.8.1/junit-jupiter-params-5.8.1.jar:/home/eitan/.m2/repository/org/junit/jupiter/junit-jupiter-engine/5.8.1/junit-jupiter-engine-5.8.1.jar:/home/eitan/.m2/repository/org/junit/platform/junit-platform-engine/1.8.1/junit-platform-engine-1.8.1.jar:"/>
    <property name="java.vm.vendor" value="Private Build"/>
    <property name="sun.arch.data.model" value="64"/>
    <property name="java.vendor.url" value="Unknown"/>
    <property name="os.name" value="Linux"/>
    <property name="java.vm.specification.version" value="17"/>
    <property name="sun.java.launcher" value="SUN_STANDARD"/>
    <property name="sun.boot.library.path" value="/usr/lib/jvm/java-17-openjdk-amd64/lib"/>
    <property name="sun.java.command" value="/mnt/c/users/eitan/desktop/ComputerScience/Submissions/Eitan_Leitner_800690965/DataStructures/project/stage2/target/surefire/surefirebooter-20230404183008402_3.jar /mnt/c/users/eitan/desktop/ComputerScience/Submissions/Eitan_Leitner_800690965/DataStructures/project/stage2/target/surefire 2023-04-04T18-30-08_019-jvmRun1 surefire-20230404183008402_1tmp surefire_0-20230404183008402_2tmp"/>
    <property name="jdk.debug" value="release"/>
    <property name="surefire.test.class.path" value="/mnt/c/users/eitan/desktop/ComputerScience/Submissions/Eitan_Leitner_800690965/DataStructures/project/stage2/target/test-classes:/mnt/c/users/eitan/desktop/ComputerScience/Submissions/Eitan_Leitner_800690965/DataStructures/project/stage2/target/classes:/home/eitan/.m2/repository/org/junit/jupiter/junit-jupiter/5.8.1/junit-jupiter-5.8.1.jar:/home/eitan/.m2/repository/org/junit/jupiter/junit-jupiter-api/5.8.1/junit-jupiter-api-5.8.1.jar:/home/eitan/.m2/repository/org/opentest4j/opentest4j/1.2.0/opentest4j-1.2.0.jar:/home/eitan/.m2/repository/org/junit/platform/junit-platform-commons/1.8.1/junit-platform-commons-1.8.1.jar:/home/eitan/.m2/repository/org/apiguardian/apiguardian-api/1.1.2/apiguardian-api-1.1.2.jar:/home/eitan/.m2/repository/org/junit/jupiter/junit-jupiter-params/5.8.1/junit-jupiter-params-5.8.1.jar:/home/eitan/.m2/repository/org/junit/jupiter/junit-jupiter-engine/5.8.1/junit-jupiter-engine-5.8.1.jar:/home/eitan/.m2/repository/org/junit/platform/junit-platform-engine/1.8.1/junit-platform-engine-1.8.1.jar:"/>
    <property name="sun.cpu.endian" value="little"/>
    <property name="user.home" value="/home/eitan"/>
    <property name="user.language" value="en"/>
    <property name="java.specification.vendor" value="Oracle Corporation"/>
    <property name="java.version.date" value="2022-07-19"/>
    <property name="java.home" value="/usr/lib/jvm/java-17-openjdk-amd64"/>
    <property name="file.separator" value="/"/>
    <property name="basedir" value="/mnt/c/users/eitan/desktop/ComputerScience/Submissions/Eitan_Leitner_800690965/DataStructures/project/stage2"/>
    <property name="java.vm.compressedOopsMode" value="32-bit"/>
    <property name="line.separator" value="&#10;"/>
    <property name="java.vm.specification.vendor" value="Oracle Corporation"/>
    <property name="java.specification.name" value="Java Platform API Specification"/>
    <property name="surefire.real.class.path" value="/mnt/c/users/eitan/desktop/ComputerScience/Submissions/Eitan_Leitner_800690965/DataStructures/project/stage2/target/surefire/surefirebooter-20230404183008402_3.jar"/>
    <property name="sun.management.compiler" value="HotSpot 64-Bit Tiered Compilers"/>
    <property name="java.runtime.version" value="17.0.4+8-Ubuntu-118.04"/>
    <property name="user.name" value="eitan"/>
    <property name="path.separator" value=":"/>
    <property name="os.version" value="5.15.90.1-microsoft-standard-WSL2"/>
    <property name="java.runtime.name" value="OpenJDK Runtime Environment"/>
    <property name="file.encoding" value="UTF-8"/>
    <property name="java.vm.name" value="OpenJDK 64-Bit Server VM"/>
    <property name="localRepository" value="/home/eitan/.m2/repository"/>
    <property name="java.vendor.url.bug" value="Unknown"/>
    <property name="java.io.tmpdir" value="/tmp"/>
    <property name="java.version" value="17.0.4"/>
    <property name="user.dir" value="/mnt/c/users/eitan/desktop/ComputerScience/Submissions/Eitan_Leitner_800690965/DataStructures/project/stage2"/>
    <property name="os.arch" value="amd64"/>
    <property name="java.vm.specification.name" value="Java Virtual Machine Specification"/>
    <property name="native.encoding" value="UTF-8"/>
    <property name="java.library.path" value="/usr/java/packages/lib:/usr/lib/x86_64-linux-gnu/jni:/lib/x86_64-linux-gnu:/usr/lib/x86_64-linux-gnu:/usr/lib/jni:/lib:/usr/lib"/>
    <property name="java.vm.info" value="mixed mode, sharing"/>
    <property name="java.vendor" value="Private Build"/>
    <property name="java.vm.version" value="17.0.4+8-Ubuntu-118.04"/>
    <property name="sun.io.unicode.encoding" value="UnicodeLittle"/>
    <property name="java.class.version" value="61.0"/>
  </properties>
  <testcase name="nullUri" classname="TestClass" time="0.092"/>
  <testcase name="documentStoreImplTest" classname="TestClass" time="0.128">
    <system-out><![CDATA[what am I doing at 11:30 at night
I feel that i'm close, but losing my might
the comp sci grind is pretty rough
i hope all the testing i did is enough
*snaps*
-199359154
]]></system-out>
  </testcase>
  <testcase name="workingDocumentBytes" classname="TestClass" time="0.008">
    <system-out><![CDATA[-877901680
]]></system-out>
  </testcase>
  <testcase name="nullByteArray" classname="TestClass" time="0.001"/>
  <testcase name="parametricUndo" classname="TestClass" time="0.018"/>
  <testcase name="undoTest" classname="TestClass" time="0.006">
    <system-out><![CDATA[what am I doing at 11:30 at night
I feel that i'm close, but losing my might
the comp sci grind is pretty rough
i hope all the testing i did is enough
*snaps*
]]></system-out>
  </testcase>
  <testcase name="hashTableTest" classname="TestClass" time="0.001"/>
  <testcase name="emptyByteArray" classname="TestClass" time="0.001"/>
  <testcase name="blankByteArray" classname="TestClass" time="0"/>
  <testcase name="workingDocumentStr" classname="TestClass" time="0">
    <system-out><![CDATA[-1050278567
]]></system-out>
  </testcase>
  <testcase name="documentBlankString" classname="TestClass" time="0.001"/>
  <testcase name="hashTableImplementResizeTest" classname="TestClass" time="0.011"/>
  <testcase name="hashCodeTest" classname="TestClass" time="0.001"/>
  <testcase name="documentBlankUri" classname="TestClass" time="0.001"/>
  <testcase name="stackImplTest" classname="TestClass" time="0"/>
  <testcase name="nullString" classname="TestClass" time="0.001"/>
</testsuite>